
> ishikawa-family-tasks@0.1.0 build
> next build

▲ Next.js 16.1.4 (Turbopack)
- Environments: .env.local

  Creating an optimized production build ...

> Build error occurred
Error: Turbopack build failed with 24 errors:
./src/app/accounting/assets/fixed/add/page.tsx
Reading source code for parsing failed
An unexpected error happened while trying to read the source code to parse: failed to convert rope into string

Caused by:
- invalid utf-8 sequence of 1 bytes from index 388


./src/app/accounting/auth/auth-code-error/page.tsx
Reading source code for parsing failed
An unexpected error happened while trying to read the source code to parse: failed to convert rope into string

Caused by:
- invalid utf-8 sequence of 2 bytes from index 454


./src/app/accounting/confirm/page.tsx
Reading source code for parsing failed
An unexpected error happened while trying to read the source code to parse: failed to convert rope into string

Caused by:
- invalid utf-8 sequence of 1 bytes from index 518


./src/app/accounting/login/page.tsx
Reading source code for parsing failed
An unexpected error happened while trying to read the source code to parse: failed to convert rope into string

Caused by:
- invalid utf-8 sequence of 1 bytes from index 1705


./src/app/accounting/not-found.tsx
Reading source code for parsing failed
An unexpected error happened while trying to read the source code to parse: failed to convert rope into string

Caused by:
- invalid utf-8 sequence of 2 bytes from index 413


./src/app/accounting/self-consume/page.tsx
Reading source code for parsing failed
An unexpected error happened while trying to read the source code to parse: failed to convert rope into string

Caused by:
- invalid utf-8 sequence of 1 bytes from index 2895


./src/app/accounting/actions.ts:9:1
Module not found: Can't resolve '@/utils/supabase/server'
[0m [90m  7 |[39m [36mimport[39m { revalidatePath } [36mfrom[39m [32m"next/cache"[39m[33m;[39m
 [90m  8 |[39m
[31m[1m>[22m[39m[90m  9 |[39m [36mimport[39m { createClient } [36mfrom[39m [32m"@/utils/supabase/server"[39m[33m;[39m
 [90m    |[39m [31m[1m^[22m[39m[31m[1m^[22m[39m[31m[1m^[22m[39m[31m[1m^[22m[39m[31m[1m^[22m[39m[31m[1m^[22m[39m[31m[1m^[22m[39m[31m[1m^[22m[39m[31m[1m^[22m[39m[31m[1m^[22m[39m[31m[1m^[22m[39m[31m[1m^[22m[39m[31m[1m^[22m[39m[31m[1m^[22m[39m[31m[1m^[22m[39m[31m[1m^[22m[39m[31m[1m^[22m[39m[31m[1m^[22m[39m[31m[1m^[22m[39m[31m[1m^[22m[39m[31m[1m^[22m[39m[31m[1m^[22m[39m[31m[1m^[22m[39m[31m[1m^[22m[39m[31m[1m^[22m[39m[31m[1m^[22m[39m[31m[1m^[22m[39m[31m[1m^[22m[39m[31m[1m^[22m[39m[31m[1m^[22m[39m[31m[1m^[22m[39m[31m[1m^[22m[39m[31m[1m^[22m[39m[31m[1m^[22m[39m[31m[1m^[22m[39m[31m[1m^[22m[39m[31m[1m^[22m[39m[31m[1m^[22m[39m[31m[1m^[22m[39m[31m[1m^[22m[39m[31m[1m^[22m[39m[31m[1m^[22m[39m[31m[1m^[22m[39m[31m[1m^[22m[39m[31m[1m^[22m[39m[31m[1m^[22m[39m[31m[1m^[22m[39m[31m[1m^[22m[39m[31m[1m^[22m[39m[31m[1m^[22m[39m[31m[1m^[22m[39m[31m[1m^[22m[39m[31m[1m^[22m[39m[31m[1m^[22m[39m[31m[1m^[22m[39m
 [90m 10 |[39m [36mimport[39m { [33mAccount[39m } [36mfrom[39m [32m'@/features/accounting/types/database'[39m[33m;[39m [90m// Updated import[39m
 [90m 11 |[39m [36mimport[39m { ensureUserHasGroup } [36mfrom[39m [32m'@/features/accounting/lib/family'[39m[33m;[39m [90m// Updated import[39m
 [90m 12 |[39m[0m

Import map: aliased to relative './src/utils/supabase/server' inside of [project]/


https://nextjs.org/docs/messages/module-not-found


./src/app/accounting/add/page.tsx:1:1
Module not found: Can't resolve '@/utils/supabase/server'
[0m[31m[1m>[22m[39m[90m 1 |[39m [36mimport[39m { createClient } [36mfrom[39m [32m"@/utils/supabase/server"[39m[33m;[39m
 [90m   |[39m [31m[1m^[22m[39m[31m[1m^[22m[39m[31m[1m^[22m[39m[31m[1m^[22m[39m[31m[1m^[22m[39m[31m[1m^[22m[39m[31m[1m^[22m[39m[31m[1m^[22m[39m[31m[1m^[22m[39m[31m[1m^[22m[39m[31m[1m^[22m[39m[31m[1m^[22m[39m[31m[1m^[22m[39m[31m[1m^[22m[39m[31m[1m^[22m[39m[31m[1m^[22m[39m[31m[1m^[22m[39m[31m[1m^[22m[39m[31m[1m^[22m[39m[31m[1m^[22m[39m[31m[1m^[22m[39m[31m[1m^[22m[39m[31m[1m^[22m[39m[31m[1m^[22m[39m[31m[1m^[22m[39m[31m[1m^[22m[39m[31m[1m^[22m[39m[31m[1m^[22m[39m[31m[1m^[22m[39m[31m[1m^[22m[39m[31m[1m^[22m[39m[31m[1m^[22m[39m[31m[1m^[22m[39m[31m[1m^[22m[39m[31m[1m^[22m[39m[31m[1m^[22m[39m[31m[1m^[22m[39m[31m[1m^[22m[39m[31m[1m^[22m[39m[31m[1m^[22m[39m[31m[1m^[22m[39m[31m[1m^[22m[39m[31m[1m^[22m[39m[31m[1m^[22m[39m[31m[1m^[22m[39m[31m[1m^[22m[39m[31m[1m^[22m[39m[31m[1m^[22m[39m[31m[1m^[22m[39m[31m[1m^[22m[39m[31m[1m^[22m[39m[31m[1m^[22m[39m[31m[1m^[22m[39m[31m[1m^[22m[39m[31m[1m^[22m[39m
 [90m 2 |[39m [36mimport[39m [33mManualEntryForm[39m [36mfrom[39m [32m'@/features/accounting/components/ManualEntryForm'[39m[33m;[39m
 [90m 3 |[39m
 [90m 4 |[39m [36mexport[39m [36mconst[39m dynamic [33m=[39m [32m'force-dynamic'[39m[33m;[39m[0m

Import map: aliased to relative './src/utils/supabase/server' inside of [project]/


https://nextjs.org/docs/messages/module-not-found


./src/app/accounting/assets/actions.ts:3:1
Module not found: Can't resolve '@/utils/supabase/server'
[0m [90m 1 |[39m [32m'use server'[39m[33m;[39m
 [90m 2 |[39m
[31m[1m>[22m[39m[90m 3 |[39m [36mimport[39m { createClient } [36mfrom[39m [32m'@/utils/supabase/server'[39m[33m;[39m
 [90m   |[39m [31m[1m^[22m[39m[31m[1m^[22m[39m[31m[1m^[22m[39m[31m[1m^[22m[39m[31m[1m^[22m[39m[31m[1m^[22m[39m[31m[1m^[22m[39m[31m[1m^[22m[39m[31m[1m^[22m[39m[31m[1m^[22m[39m[31m[1m^[22m[39m[31m[1m^[22m[39m[31m[1m^[22m[39m[31m[1m^[22m[39m[31m[1m^[22m[39m[31m[1m^[22m[39m[31m[1m^[22m[39m[31m[1m^[22m[39m[31m[1m^[22m[39m[31m[1m^[22m[39m[31m[1m^[22m[39m[31m[1m^[22m[39m[31m[1m^[22m[39m[31m[1m^[22m[39m[31m[1m^[22m[39m[31m[1m^[22m[39m[31m[1m^[22m[39m[31m[1m^[22m[39m[31m[1m^[22m[39m[31m[1m^[22m[39m[31m[1m^[22m[39m[31m[1m^[22m[39m[31m[1m^[22m[39m[31m[1m^[22m[39m[31m[1m^[22m[39m[31m[1m^[22m[39m[31m[1m^[22m[39m[31m[1m^[22m[39m[31m[1m^[22m[39m[31m[1m^[22m[39m[31m[1m^[22m[39m[31m[1m^[22m[39m[31m[1m^[22m[39m[31m[1m^[22m[39m[31m[1m^[22m[39m[31m[1m^[22m[39m[31m[1m^[22m[39m[31m[1m^[22m[39m[31m[1m^[22m[39m[31m[1m^[22m[39m[31m[1m^[22m[39m[31m[1m^[22m[39m[31m[1m^[22m[39m[31m[1m^[22m[39m[31m[1m^[22m[39m
 [90m 4 |[39m [36mimport[39m { revalidatePath } [36mfrom[39m [32m'next/cache'[39m[33m;[39m
 [90m 5 |[39m [36mimport[39m { ensureUserHasGroup } [36mfrom[39m [32m'@/features/accounting/lib/family'[39m[33m;[39m
 [90m 6 |[39m[0m

Import map: aliased to relative './src/utils/supabase/server' inside of [project]/


Import trace:
  Server Component:
    ./src/app/accounting/assets/actions.ts
    ./src/app/accounting/reports/page.tsx

https://nextjs.org/docs/messages/module-not-found


./src/app/accounting/assets/fixed/actions.ts:3:1
Module not found: Can't resolve '@/utils/supabase/server'
[0m [90m 1 |[39m [32m'use server'[39m[33m;[39m
 [90m 2 |[39m
[31m[1m>[22m[39m[90m 3 |[39m [36mimport[39m { createClient } [36mfrom[39m [32m'@/utils/supabase/server'[39m[33m;[39m
 [90m   |[39m [31m[1m^[22m[39m[31m[1m^[22m[39m[31m[1m^[22m[39m[31m[1m^[22m[39m[31m[1m^[22m[39m[31m[1m^[22m[39m[31m[1m^[22m[39m[31m[1m^[22m[39m[31m[1m^[22m[39m[31m[1m^[22m[39m[31m[1m^[22m[39m[31m[1m^[22m[39m[31m[1m^[22m[39m[31m[1m^[22m[39m[31m[1m^[22m[39m[31m[1m^[22m[39m[31m[1m^[22m[39m[31m[1m^[22m[39m[31m[1m^[22m[39m[31m[1m^[22m[39m[31m[1m^[22m[39m[31m[1m^[22m[39m[31m[1m^[22m[39m[31m[1m^[22m[39m[31m[1m^[22m[39m[31m[1m^[22m[39m[31m[1m^[22m[39m[31m[1m^[22m[39m[31m[1m^[22m[39m[31m[1m^[22m[39m[31m[1m^[22m[39m[31m[1m^[22m[39m[31m[1m^[22m[39m[31m[1m^[22m[39m[31m[1m^[22m[39m[31m[1m^[22m[39m[31m[1m^[22m[39m[31m[1m^[22m[39m[31m[1m^[22m[39m[31m[1m^[22m[39m[31m[1m^[22m[39m[31m[1m^[22m[39m[31m[1m^[22m[39m[31m[1m^[22m[39m[31m[1m^[22m[39m[31m[1m^[22m[39m[31m[1m^[22m[39m[31m[1m^[22m[39m[31m[1m^[22m[39m[31m[1m^[22m[39m[31m[1m^[22m[39m[31m[1m^[22m[39m[31m[1m^[22m[39m[31m[1m^[22m[39m[31m[1m^[22m[39m
 [90m 4 |[39m [36mimport[39m { revalidatePath } [36mfrom[39m [32m'next/cache'[39m[33m;[39m
 [90m 5 |[39m [36mimport[39m { [33mFixedAsset[39m } [36mfrom[39m [32m'@/features/accounting/types/database'[39m[33m;[39m
 [90m 6 |[39m[0m

Import map: aliased to relative './src/utils/supabase/server' inside of [project]/


Import trace:
  Server Component:
    ./src/app/accounting/assets/fixed/actions.ts
    ./src/app/accounting/assets/fixed/page.tsx

https://nextjs.org/docs/messages/module-not-found


./src/app/accounting/assets/page.tsx:2:1
Module not found: Can't resolve '@/utils/supabase/server'
[0m [90m 1 |[39m [36mimport[39m [33mLink[39m [36mfrom[39m [32m'next/link'[39m[33m;[39m
[31m[1m>[22m[39m[90m 2 |[39m [36mimport[39m { createClient } [36mfrom[39m [32m'@/utils/supabase/server'[39m[33m;[39m
 [90m   |[39m [31m[1m^[22m[39m[31m[1m^[22m[39m[31m[1m^[22m[39m[31m[1m^[22m[39m[31m[1m^[22m[39m[31m[1m^[22m[39m[31m[1m^[22m[39m[31m[1m^[22m[39m[31m[1m^[22m[39m[31m[1m^[22m[39m[31m[1m^[22m[39m[31m[1m^[22m[39m[31m[1m^[22m[39m[31m[1m^[22m[39m[31m[1m^[22m[39m[31m[1m^[22m[39m[31m[1m^[22m[39m[31m[1m^[22m[39m[31m[1m^[22m[39m[31m[1m^[22m[39m[31m[1m^[22m[39m[31m[1m^[22m[39m[31m[1m^[22m[39m[31m[1m^[22m[39m[31m[1m^[22m[39m[31m[1m^[22m[39m[31m[1m^[22m[39m[31m[1m^[22m[39m[31m[1m^[22m[39m[31m[1m^[22m[39m[31m[1m^[22m[39m[31m[1m^[22m[39m[31m[1m^[22m[39m[31m[1m^[22m[39m[31m[1m^[22m[39m[31m[1m^[22m[39m[31m[1m^[22m[39m[31m[1m^[22m[39m[31m[1m^[22m[39m[31m[1m^[22m[39m[31m[1m^[22m[39m[31m[1m^[22m[39m[31m[1m^[22m[39m[31m[1m^[22m[39m[31m[1m^[22m[39m[31m[1m^[22m[39m[31m[1m^[22m[39m[31m[1m^[22m[39m[31m[1m^[22m[39m[31m[1m^[22m[39m[31m[1m^[22m[39m[31m[1m^[22m[39m[31m[1m^[22m[39m[31m[1m^[22m[39m[31m[1m^[22m[39m
 [90m 3 |[39m [36mimport[39m [33mAssetsManager[39m [36mfrom[39m [32m'@/features/accounting/components/AssetsManager'[39m[33m;[39m
 [90m 4 |[39m [36mimport[39m { [33mWallet[39m[33m,[39m [33mBanknote[39m[33m,[39m [33mChevronLeft[39m[33m,[39m [33mPiggyBank[39m } [36mfrom[39m [32m'lucide-react'[39m[33m;[39m
 [90m 5 |[39m[0m

Import map: aliased to relative './src/utils/supabase/server' inside of [project]/


https://nextjs.org/docs/messages/module-not-found


./src/app/accounting/list/page.tsx:2:1
Module not found: Can't resolve '@/utils/supabase/server'
[0m [90m 1 |[39m [36mimport[39m [33mLink[39m [36mfrom[39m [32m"next/link"[39m[33m;[39m
[31m[1m>[22m[39m[90m 2 |[39m [36mimport[39m { createClient } [36mfrom[39m [32m"@/utils/supabase/server"[39m[33m;[39m
 [90m   |[39m [31m[1m^[22m[39m[31m[1m^[22m[39m[31m[1m^[22m[39m[31m[1m^[22m[39m[31m[1m^[22m[39m[31m[1m^[22m[39m[31m[1m^[22m[39m[31m[1m^[22m[39m[31m[1m^[22m[39m[31m[1m^[22m[39m[31m[1m^[22m[39m[31m[1m^[22m[39m[31m[1m^[22m[39m[31m[1m^[22m[39m[31m[1m^[22m[39m[31m[1m^[22m[39m[31m[1m^[22m[39m[31m[1m^[22m[39m[31m[1m^[22m[39m[31m[1m^[22m[39m[31m[1m^[22m[39m[31m[1m^[22m[39m[31m[1m^[22m[39m[31m[1m^[22m[39m[31m[1m^[22m[39m[31m[1m^[22m[39m[31m[1m^[22m[39m[31m[1m^[22m[39m[31m[1m^[22m[39m[31m[1m^[22m[39m[31m[1m^[22m[39m[31m[1m^[22m[39m[31m[1m^[22m[39m[31m[1m^[22m[39m[31m[1m^[22m[39m[31m[1m^[22m[39m[31m[1m^[22m[39m[31m[1m^[22m[39m[31m[1m^[22m[39m[31m[1m^[22m[39m[31m[1m^[22m[39m[31m[1m^[22m[39m[31m[1m^[22m[39m[31m[1m^[22m[39m[31m[1m^[22m[39m[31m[1m^[22m[39m[31m[1m^[22m[39m[31m[1m^[22m[39m[31m[1m^[22m[39m[31m[1m^[22m[39m[31m[1m^[22m[39m[31m[1m^[22m[39m[31m[1m^[22m[39m[31m[1m^[22m[39m[31m[1m^[22m[39m
 [90m 3 |[39m [36mimport[39m [33mTransactionList[39m [36mfrom[39m [32m"@/features/accounting/components/TransactionList"[39m[33m;[39m [90m// Updated import[39m
 [90m 4 |[39m
 [90m 5 |[39m [36mexport[39m [36mconst[39m dynamic [33m=[39m [32m'force-dynamic'[39m[33m;[39m[0m

Import map: aliased to relative './src/utils/supabase/server' inside of [project]/


https://nextjs.org/docs/messages/module-not-found


./src/app/accounting/page.tsx:3:1
Module not found: Can't resolve '@/utils/supabase/server'
[0m [90m 1 |[39m [36mimport[39m [33mLink[39m [36mfrom[39m [32m"next/link"[39m[33m;[39m
 [90m 2 |[39m [36mimport[39m [33mCameraInput[39m [36mfrom[39m [32m"@/features/accounting/components/CameraInput"[39m[33m;[39m
[31m[1m>[22m[39m[90m 3 |[39m [36mimport[39m { createClient } [36mfrom[39m [32m"@/utils/supabase/server"[39m[33m;[39m
 [90m   |[39m [31m[1m^[22m[39m[31m[1m^[22m[39m[31m[1m^[22m[39m[31m[1m^[22m[39m[31m[1m^[22m[39m[31m[1m^[22m[39m[31m[1m^[22m[39m[31m[1m^[22m[39m[31m[1m^[22m[39m[31m[1m^[22m[39m[31m[1m^[22m[39m[31m[1m^[22m[39m[31m[1m^[22m[39m[31m[1m^[22m[39m[31m[1m^[22m[39m[31m[1m^[22m[39m[31m[1m^[22m[39m[31m[1m^[22m[39m[31m[1m^[22m[39m[31m[1m^[22m[39m[31m[1m^[22m[39m[31m[1m^[22m[39m[31m[1m^[22m[39m[31m[1m^[22m[39m[31m[1m^[22m[39m[31m[1m^[22m[39m[31m[1m^[22m[39m[31m[1m^[22m[39m[31m[1m^[22m[39m[31m[1m^[22m[39m[31m[1m^[22m[39m[31m[1m^[22m[39m[31m[1m^[22m[39m[31m[1m^[22m[39m[31m[1m^[22m[39m[31m[1m^[22m[39m[31m[1m^[22m[39m[31m[1m^[22m[39m[31m[1m^[22m[39m[31m[1m^[22m[39m[31m[1m^[22m[39m[31m[1m^[22m[39m[31m[1m^[22m[39m[31m[1m^[22m[39m[31m[1m^[22m[39m[31m[1m^[22m[39m[31m[1m^[22m[39m[31m[1m^[22m[39m[31m[1m^[22m[39m[31m[1m^[22m[39m[31m[1m^[22m[39m[31m[1m^[22m[39m[31m[1m^[22m[39m[31m[1m^[22m[39m[31m[1m^[22m[39m
 [90m 4 |[39m [36mimport[39m { redirect } [36mfrom[39m [32m"next/navigation"[39m[33m;[39m
 [90m 5 |[39m [36mimport[39m { [33mArrowRight[39m[33m,[39m [33mTrendingUp[39m[33m,[39m [33mTrendingDown[39m[33m,[39m [33mPlus[39m[33m,[39m [33mHome[39m [36mas[39m [33mHomeIcon[39m[33m,[39m [33mBriefcase[39m } [36mfrom[39m [32m"lucide-react"[39m[33m;[39m
 [90m 6 |[39m[0m

Import map: aliased to relative './src/utils/supabase/server' inside of [project]/


https://nextjs.org/docs/messages/module-not-found


./src/app/accounting/reports/export-actions.ts:3:1
Module not found: Can't resolve '@/utils/supabase/server'
[0m [90m 1 |[39m [32m'use server'[39m[33m;[39m
 [90m 2 |[39m
[31m[1m>[22m[39m[90m 3 |[39m [36mimport[39m { createClient } [36mfrom[39m [32m'@/utils/supabase/server'[39m[33m;[39m
 [90m   |[39m [31m[1m^[22m[39m[31m[1m^[22m[39m[31m[1m^[22m[39m[31m[1m^[22m[39m[31m[1m^[22m[39m[31m[1m^[22m[39m[31m[1m^[22m[39m[31m[1m^[22m[39m[31m[1m^[22m[39m[31m[1m^[22m[39m[31m[1m^[22m[39m[31m[1m^[22m[39m[31m[1m^[22m[39m[31m[1m^[22m[39m[31m[1m^[22m[39m[31m[1m^[22m[39m[31m[1m^[22m[39m[31m[1m^[22m[39m[31m[1m^[22m[39m[31m[1m^[22m[39m[31m[1m^[22m[39m[31m[1m^[22m[39m[31m[1m^[22m[39m[31m[1m^[22m[39m[31m[1m^[22m[39m[31m[1m^[22m[39m[31m[1m^[22m[39m[31m[1m^[22m[39m[31m[1m^[22m[39m[31m[1m^[22m[39m[31m[1m^[22m[39m[31m[1m^[22m[39m[31m[1m^[22m[39m[31m[1m^[22m[39m[31m[1m^[22m[39m[31m[1m^[22m[39m[31m[1m^[22m[39m[31m[1m^[22m[39m[31m[1m^[22m[39m[31m[1m^[22m[39m[31m[1m^[22m[39m[31m[1m^[22m[39m[31m[1m^[22m[39m[31m[1m^[22m[39m[31m[1m^[22m[39m[31m[1m^[22m[39m[31m[1m^[22m[39m[31m[1m^[22m[39m[31m[1m^[22m[39m[31m[1m^[22m[39m[31m[1m^[22m[39m[31m[1m^[22m[39m[31m[1m^[22m[39m[31m[1m^[22m[39m[31m[1m^[22m[39m
 [90m 4 |[39m [36mimport[39m { getInventorySummary } [36mfrom[39m [32m'@/app/accounting/settings/inventory/actions'[39m[33m;[39m [90m// Updated import[39m
 [90m 5 |[39m
 [90m 6 |[39m [36minterface[39m [33mAccountSummary[39m {[0m

Import map: aliased to relative './src/utils/supabase/server' inside of [project]/


https://nextjs.org/docs/messages/module-not-found


./src/app/accounting/reports/page.tsx:2:1
Module not found: Can't resolve '@/utils/supabase/server'
[0m [90m 1 |[39m [36mimport[39m [33mLink[39m [36mfrom[39m [32m'next/link'[39m[33m;[39m
[31m[1m>[22m[39m[90m 2 |[39m [36mimport[39m { createClient } [36mfrom[39m [32m'@/utils/supabase/server'[39m[33m;[39m
 [90m   |[39m [31m[1m^[22m[39m[31m[1m^[22m[39m[31m[1m^[22m[39m[31m[1m^[22m[39m[31m[1m^[22m[39m[31m[1m^[22m[39m[31m[1m^[22m[39m[31m[1m^[22m[39m[31m[1m^[22m[39m[31m[1m^[22m[39m[31m[1m^[22m[39m[31m[1m^[22m[39m[31m[1m^[22m[39m[31m[1m^[22m[39m[31m[1m^[22m[39m[31m[1m^[22m[39m[31m[1m^[22m[39m[31m[1m^[22m[39m[31m[1m^[22m[39m[31m[1m^[22m[39m[31m[1m^[22m[39m[31m[1m^[22m[39m[31m[1m^[22m[39m[31m[1m^[22m[39m[31m[1m^[22m[39m[31m[1m^[22m[39m[31m[1m^[22m[39m[31m[1m^[22m[39m[31m[1m^[22m[39m[31m[1m^[22m[39m[31m[1m^[22m[39m[31m[1m^[22m[39m[31m[1m^[22m[39m[31m[1m^[22m[39m[31m[1m^[22m[39m[31m[1m^[22m[39m[31m[1m^[22m[39m[31m[1m^[22m[39m[31m[1m^[22m[39m[31m[1m^[22m[39m[31m[1m^[22m[39m[31m[1m^[22m[39m[31m[1m^[22m[39m[31m[1m^[22m[39m[31m[1m^[22m[39m[31m[1m^[22m[39m[31m[1m^[22m[39m[31m[1m^[22m[39m[31m[1m^[22m[39m[31m[1m^[22m[39m[31m[1m^[22m[39m[31m[1m^[22m[39m[31m[1m^[22m[39m[31m[1m^[22m[39m[31m[1m^[22m[39m
 [90m 3 |[39m [36mimport[39m [33mReportCharts[39m [36mfrom[39m [32m'@/features/accounting/components/ReportCharts'[39m[33m;[39m
 [90m 4 |[39m [36mimport[39m [33mMonthlyMemo[39m [36mfrom[39m [32m'@/features/accounting/components/MonthlyMemo'[39m[33m;[39m
 [90m 5 |[39m [36mimport[39m { getMonthlyNote } [36mfrom[39m [32m'@/app/accounting/assets/actions'[39m[33m;[39m[0m

Import map: aliased to relative './src/utils/supabase/server' inside of [project]/


https://nextjs.org/docs/messages/module-not-found


./src/app/accounting/settings/accounts/page.tsx:1:1
Module not found: Can't resolve '@/utils/supabase/server'
[0m[31m[1m>[22m[39m[90m 1 |[39m [36mimport[39m { createClient } [36mfrom[39m [32m"@/utils/supabase/server"[39m[33m;[39m
 [90m   |[39m [31m[1m^[22m[39m[31m[1m^[22m[39m[31m[1m^[22m[39m[31m[1m^[22m[39m[31m[1m^[22m[39m[31m[1m^[22m[39m[31m[1m^[22m[39m[31m[1m^[22m[39m[31m[1m^[22m[39m[31m[1m^[22m[39m[31m[1m^[22m[39m[31m[1m^[22m[39m[31m[1m^[22m[39m[31m[1m^[22m[39m[31m[1m^[22m[39m[31m[1m^[22m[39m[31m[1m^[22m[39m[31m[1m^[22m[39m[31m[1m^[22m[39m[31m[1m^[22m[39m[31m[1m^[22m[39m[31m[1m^[22m[39m[31m[1m^[22m[39m[31m[1m^[22m[39m[31m[1m^[22m[39m[31m[1m^[22m[39m[31m[1m^[22m[39m[31m[1m^[22m[39m[31m[1m^[22m[39m[31m[1m^[22m[39m[31m[1m^[22m[39m[31m[1m^[22m[39m[31m[1m^[22m[39m[31m[1m^[22m[39m[31m[1m^[22m[39m[31m[1m^[22m[39m[31m[1m^[22m[39m[31m[1m^[22m[39m[31m[1m^[22m[39m[31m[1m^[22m[39m[31m[1m^[22m[39m[31m[1m^[22m[39m[31m[1m^[22m[39m[31m[1m^[22m[39m[31m[1m^[22m[39m[31m[1m^[22m[39m[31m[1m^[22m[39m[31m[1m^[22m[39m[31m[1m^[22m[39m[31m[1m^[22m[39m[31m[1m^[22m[39m[31m[1m^[22m[39m[31m[1m^[22m[39m[31m[1m^[22m[39m[31m[1m^[22m[39m
 [90m 2 |[39m [36mimport[39m [33mAccountRatioList[39m [36mfrom[39m [32m"./AccountRatioList"[39m[33m;[39m
 [90m 3 |[39m [36mimport[39m [33mLink[39m [36mfrom[39m [32m"next/link"[39m[33m;[39m
 [90m 4 |[39m [36mimport[39m { [33mChevronLeft[39m[33m,[39m [33mCalculator[39m[33m,[39m [33mInfo[39m } [36mfrom[39m [32m"lucide-react"[39m[33m;[39m[0m

Import map: aliased to relative './src/utils/supabase/server' inside of [project]/


https://nextjs.org/docs/messages/module-not-found


./src/app/accounting/settings/actions.ts:3:1
Module not found: Can't resolve '@/utils/supabase/server'
[0m [90m 1 |[39m [32m"use server"[39m[33m;[39m
 [90m 2 |[39m
[31m[1m>[22m[39m[90m 3 |[39m [36mimport[39m { createClient } [36mfrom[39m [32m"@/utils/supabase/server"[39m[33m;[39m
 [90m   |[39m [31m[1m^[22m[39m[31m[1m^[22m[39m[31m[1m^[22m[39m[31m[1m^[22m[39m[31m[1m^[22m[39m[31m[1m^[22m[39m[31m[1m^[22m[39m[31m[1m^[22m[39m[31m[1m^[22m[39m[31m[1m^[22m[39m[31m[1m^[22m[39m[31m[1m^[22m[39m[31m[1m^[22m[39m[31m[1m^[22m[39m[31m[1m^[22m[39m[31m[1m^[22m[39m[31m[1m^[22m[39m[31m[1m^[22m[39m[31m[1m^[22m[39m[31m[1m^[22m[39m[31m[1m^[22m[39m[31m[1m^[22m[39m[31m[1m^[22m[39m[31m[1m^[22m[39m[31m[1m^[22m[39m[31m[1m^[22m[39m[31m[1m^[22m[39m[31m[1m^[22m[39m[31m[1m^[22m[39m[31m[1m^[22m[39m[31m[1m^[22m[39m[31m[1m^[22m[39m[31m[1m^[22m[39m[31m[1m^[22m[39m[31m[1m^[22m[39m[31m[1m^[22m[39m[31m[1m^[22m[39m[31m[1m^[22m[39m[31m[1m^[22m[39m[31m[1m^[22m[39m[31m[1m^[22m[39m[31m[1m^[22m[39m[31m[1m^[22m[39m[31m[1m^[22m[39m[31m[1m^[22m[39m[31m[1m^[22m[39m[31m[1m^[22m[39m[31m[1m^[22m[39m[31m[1m^[22m[39m[31m[1m^[22m[39m[31m[1m^[22m[39m[31m[1m^[22m[39m[31m[1m^[22m[39m[31m[1m^[22m[39m[31m[1m^[22m[39m
 [90m 4 |[39m [36mimport[39m { revalidatePath } [36mfrom[39m [32m"next/cache"[39m[33m;[39m
 [90m 5 |[39m
 [90m 6 |[39m [36mexport[39m [36masync[39m [36mfunction[39m updateAccountRatio(accountId[33m:[39m string[33m,[39m ratio[33m:[39m number) {[0m

Import map: aliased to relative './src/utils/supabase/server' inside of [project]/


https://nextjs.org/docs/messages/module-not-found


./src/app/accounting/settings/family/page.tsx:3:1
Module not found: Can't resolve '@/utils/supabase/server'
[0m [90m 1 |[39m [32m'use server'[39m[33m;[39m
 [90m 2 |[39m
[31m[1m>[22m[39m[90m 3 |[39m [36mimport[39m { createClient } [36mfrom[39m [32m'@/utils/supabase/server'[39m[33m;[39m
 [90m   |[39m [31m[1m^[22m[39m[31m[1m^[22m[39m[31m[1m^[22m[39m[31m[1m^[22m[39m[31m[1m^[22m[39m[31m[1m^[22m[39m[31m[1m^[22m[39m[31m[1m^[22m[39m[31m[1m^[22m[39m[31m[1m^[22m[39m[31m[1m^[22m[39m[31m[1m^[22m[39m[31m[1m^[22m[39m[31m[1m^[22m[39m[31m[1m^[22m[39m[31m[1m^[22m[39m[31m[1m^[22m[39m[31m[1m^[22m[39m[31m[1m^[22m[39m[31m[1m^[22m[39m[31m[1m^[22m[39m[31m[1m^[22m[39m[31m[1m^[22m[39m[31m[1m^[22m[39m[31m[1m^[22m[39m[31m[1m^[22m[39m[31m[1m^[22m[39m[31m[1m^[22m[39m[31m[1m^[22m[39m[31m[1m^[22m[39m[31m[1m^[22m[39m[31m[1m^[22m[39m[31m[1m^[22m[39m[31m[1m^[22m[39m[31m[1m^[22m[39m[31m[1m^[22m[39m[31m[1m^[22m[39m[31m[1m^[22m[39m[31m[1m^[22m[39m[31m[1m^[22m[39m[31m[1m^[22m[39m[31m[1m^[22m[39m[31m[1m^[22m[39m[31m[1m^[22m[39m[31m[1m^[22m[39m[31m[1m^[22m[39m[31m[1m^[22m[39m[31m[1m^[22m[39m[31m[1m^[22m[39m[31m[1m^[22m[39m[31m[1m^[22m[39m[31m[1m^[22m[39m[31m[1m^[22m[39m[31m[1m^[22m[39m[31m[1m^[22m[39m
 [90m 4 |[39m [36mimport[39m { redirect } [36mfrom[39m [32m'next/navigation'[39m[33m;[39m
 [90m 5 |[39m [36mimport[39m { getCurrentGroupWithMembers[33m,[39m joinGroupByCode[33m,[39m createFamilyGroup } [36mfrom[39m [32m'@/features/accounting/lib/family'[39m[33m;[39m [90m// Updated import[39m
 [90m 6 |[39m [36mimport[39m [33mFamilySettingsClient[39m [36mfrom[39m [32m'./FamilySettingsClient'[39m[33m;[39m[0m

Import map: aliased to relative './src/utils/supabase/server' inside of [project]/


https://nextjs.org/docs/messages/module-not-found


./src/app/accounting/settings/inventory/actions.ts:3:1
Module not found: Can't resolve '@/utils/supabase/server'
[0m [90m 1 |[39m [32m'use server'[39m[33m;[39m
 [90m 2 |[39m
[31m[1m>[22m[39m[90m 3 |[39m [36mimport[39m { createClient } [36mfrom[39m [32m'@/utils/supabase/server'[39m[33m;[39m
 [90m   |[39m [31m[1m^[22m[39m[31m[1m^[22m[39m[31m[1m^[22m[39m[31m[1m^[22m[39m[31m[1m^[22m[39m[31m[1m^[22m[39m[31m[1m^[22m[39m[31m[1m^[22m[39m[31m[1m^[22m[39m[31m[1m^[22m[39m[31m[1m^[22m[39m[31m[1m^[22m[39m[31m[1m^[22m[39m[31m[1m^[22m[39m[31m[1m^[22m[39m[31m[1m^[22m[39m[31m[1m^[22m[39m[31m[1m^[22m[39m[31m[1m^[22m[39m[31m[1m^[22m[39m[31m[1m^[22m[39m[31m[1m^[22m[39m[31m[1m^[22m[39m[31m[1m^[22m[39m[31m[1m^[22m[39m[31m[1m^[22m[39m[31m[1m^[22m[39m[31m[1m^[22m[39m[31m[1m^[22m[39m[31m[1m^[22m[39m[31m[1m^[22m[39m[31m[1m^[22m[39m[31m[1m^[22m[39m[31m[1m^[22m[39m[31m[1m^[22m[39m[31m[1m^[22m[39m[31m[1m^[22m[39m[31m[1m^[22m[39m[31m[1m^[22m[39m[31m[1m^[22m[39m[31m[1m^[22m[39m[31m[1m^[22m[39m[31m[1m^[22m[39m[31m[1m^[22m[39m[31m[1m^[22m[39m[31m[1m^[22m[39m[31m[1m^[22m[39m[31m[1m^[22m[39m[31m[1m^[22m[39m[31m[1m^[22m[39m[31m[1m^[22m[39m[31m[1m^[22m[39m[31m[1m^[22m[39m[31m[1m^[22m[39m[31m[1m^[22m[39m
 [90m 4 |[39m [36mimport[39m { revalidatePath } [36mfrom[39m [32m'next/cache'[39m[33m;[39m
 [90m 5 |[39m [36mimport[39m { ensureUserHasGroup } [36mfrom[39m [32m'@/features/accounting/lib/family'[39m[33m;[39m [90m// Helper needs restoration too![39m
 [90m 6 |[39m[0m

Import map: aliased to relative './src/utils/supabase/server' inside of [project]/


Import trace:
  Server Component:
    ./src/app/accounting/settings/inventory/actions.ts
    ./src/app/accounting/settings/inventory/page.tsx

https://nextjs.org/docs/messages/module-not-found


./src/app/accounting/settings/page.tsx:3:1
Module not found: Can't resolve '@/utils/supabase/server'
[0m [90m 1 |[39m [36mimport[39m [33mLink[39m [36mfrom[39m [32m'next/link'[39m[33m;[39m
 [90m 2 |[39m [36mimport[39m { redirect } [36mfrom[39m [32m'next/navigation'[39m[33m;[39m
[31m[1m>[22m[39m[90m 3 |[39m [36mimport[39m { createClient } [36mfrom[39m [32m'@/utils/supabase/server'[39m[33m;[39m
 [90m   |[39m [31m[1m^[22m[39m[31m[1m^[22m[39m[31m[1m^[22m[39m[31m[1m^[22m[39m[31m[1m^[22m[39m[31m[1m^[22m[39m[31m[1m^[22m[39m[31m[1m^[22m[39m[31m[1m^[22m[39m[31m[1m^[22m[39m[31m[1m^[22m[39m[31m[1m^[22m[39m[31m[1m^[22m[39m[31m[1m^[22m[39m[31m[1m^[22m[39m[31m[1m^[22m[39m[31m[1m^[22m[39m[31m[1m^[22m[39m[31m[1m^[22m[39m[31m[1m^[22m[39m[31m[1m^[22m[39m[31m[1m^[22m[39m[31m[1m^[22m[39m[31m[1m^[22m[39m[31m[1m^[22m[39m[31m[1m^[22m[39m[31m[1m^[22m[39m[31m[1m^[22m[39m[31m[1m^[22m[39m[31m[1m^[22m[39m[31m[1m^[22m[39m[31m[1m^[22m[39m[31m[1m^[22m[39m[31m[1m^[22m[39m[31m[1m^[22m[39m[31m[1m^[22m[39m[31m[1m^[22m[39m[31m[1m^[22m[39m[31m[1m^[22m[39m[31m[1m^[22m[39m[31m[1m^[22m[39m[31m[1m^[22m[39m[31m[1m^[22m[39m[31m[1m^[22m[39m[31m[1m^[22m[39m[31m[1m^[22m[39m[31m[1m^[22m[39m[31m[1m^[22m[39m[31m[1m^[22m[39m[31m[1m^[22m[39m[31m[1m^[22m[39m[31m[1m^[22m[39m[31m[1m^[22m[39m[31m[1m^[22m[39m[31m[1m^[22m[39m
 [90m 4 |[39m [36mimport[39m { [33mUsers[39m[33m,[39m [33mSliders[39m[33m,[39m [33mChevronRight[39m[33m,[39m [33mPackage[39m } [36mfrom[39m [32m'lucide-react'[39m[33m;[39m
 [90m 5 |[39m
 [90m 6 |[39m [36mexport[39m [36mdefault[39m [36masync[39m [36mfunction[39m [33mSettingsPage[39m() {[0m

Import map: aliased to relative './src/utils/supabase/server' inside of [project]/


https://nextjs.org/docs/messages/module-not-found


./src/app/accounting/transactions/[id]/page.tsx:1:1
Module not found: Can't resolve '@/utils/supabase/server'
[0m[31m[1m>[22m[39m[90m 1 |[39m [36mimport[39m { createClient } [36mfrom[39m [32m"@/utils/supabase/server"[39m[33m;[39m
 [90m   |[39m [31m[1m^[22m[39m[31m[1m^[22m[39m[31m[1m^[22m[39m[31m[1m^[22m[39m[31m[1m^[22m[39m[31m[1m^[22m[39m[31m[1m^[22m[39m[31m[1m^[22m[39m[31m[1m^[22m[39m[31m[1m^[22m[39m[31m[1m^[22m[39m[31m[1m^[22m[39m[31m[1m^[22m[39m[31m[1m^[22m[39m[31m[1m^[22m[39m[31m[1m^[22m[39m[31m[1m^[22m[39m[31m[1m^[22m[39m[31m[1m^[22m[39m[31m[1m^[22m[39m[31m[1m^[22m[39m[31m[1m^[22m[39m[31m[1m^[22m[39m[31m[1m^[22m[39m[31m[1m^[22m[39m[31m[1m^[22m[39m[31m[1m^[22m[39m[31m[1m^[22m[39m[31m[1m^[22m[39m[31m[1m^[22m[39m[31m[1m^[22m[39m[31m[1m^[22m[39m[31m[1m^[22m[39m[31m[1m^[22m[39m[31m[1m^[22m[39m[31m[1m^[22m[39m[31m[1m^[22m[39m[31m[1m^[22m[39m[31m[1m^[22m[39m[31m[1m^[22m[39m[31m[1m^[22m[39m[31m[1m^[22m[39m[31m[1m^[22m[39m[31m[1m^[22m[39m[31m[1m^[22m[39m[31m[1m^[22m[39m[31m[1m^[22m[39m[31m[1m^[22m[39m[31m[1m^[22m[39m[31m[1m^[22m[39m[31m[1m^[22m[39m[31m[1m^[22m[39m[31m[1m^[22m[39m[31m[1m^[22m[39m[31m[1m^[22m[39m
 [90m 2 |[39m [36mimport[39m { notFound } [36mfrom[39m [32m"next/navigation"[39m[33m;[39m
 [90m 3 |[39m [36mimport[39m [33mTransactionEditForm[39m [36mfrom[39m [32m"@/features/accounting/components/TransactionEditForm"[39m[33m;[39m [90m// Updated import[39m
 [90m 4 |[39m[0m

Import map: aliased to relative './src/utils/supabase/server' inside of [project]/


https://nextjs.org/docs/messages/module-not-found


./src/features/accounting/lib/family.ts:3:1
Module not found: Can't resolve '@/utils/supabase/server'
[0m [90m 1 |[39m [32m'use server'[39m[33m;[39m
 [90m 2 |[39m
[31m[1m>[22m[39m[90m 3 |[39m [36mimport[39m { createClient } [36mfrom[39m [32m'@/utils/supabase/server'[39m[33m;[39m
 [90m   |[39m [31m[1m^[22m[39m[31m[1m^[22m[39m[31m[1m^[22m[39m[31m[1m^[22m[39m[31m[1m^[22m[39m[31m[1m^[22m[39m[31m[1m^[22m[39m[31m[1m^[22m[39m[31m[1m^[22m[39m[31m[1m^[22m[39m[31m[1m^[22m[39m[31m[1m^[22m[39m[31m[1m^[22m[39m[31m[1m^[22m[39m[31m[1m^[22m[39m[31m[1m^[22m[39m[31m[1m^[22m[39m[31m[1m^[22m[39m[31m[1m^[22m[39m[31m[1m^[22m[39m[31m[1m^[22m[39m[31m[1m^[22m[39m[31m[1m^[22m[39m[31m[1m^[22m[39m[31m[1m^[22m[39m[31m[1m^[22m[39m[31m[1m^[22m[39m[31m[1m^[22m[39m[31m[1m^[22m[39m[31m[1m^[22m[39m[31m[1m^[22m[39m[31m[1m^[22m[39m[31m[1m^[22m[39m[31m[1m^[22m[39m[31m[1m^[22m[39m[31m[1m^[22m[39m[31m[1m^[22m[39m[31m[1m^[22m[39m[31m[1m^[22m[39m[31m[1m^[22m[39m[31m[1m^[22m[39m[31m[1m^[22m[39m[31m[1m^[22m[39m[31m[1m^[22m[39m[31m[1m^[22m[39m[31m[1m^[22m[39m[31m[1m^[22m[39m[31m[1m^[22m[39m[31m[1m^[22m[39m[31m[1m^[22m[39m[31m[1m^[22m[39m[31m[1m^[22m[39m[31m[1m^[22m[39m[31m[1m^[22m[39m[31m[1m^[22m[39m
 [90m 4 |[39m [36mimport[39m { [33mFamilyGroup[39m[33m,[39m [33mFamilyGroupMember[39m } [36mfrom[39m [32m'@/features/accounting/types/database'[39m[33m;[39m
 [90m 5 |[39m
 [90m 6 |[39m [90m/**[39m[0m

Import map: aliased to relative './src/utils/supabase/server' inside of [project]/


Import trace:
  Server Component:
    ./src/features/accounting/lib/family.ts
    ./src/app/accounting/settings/family/page.tsx

https://nextjs.org/docs/messages/module-not-found


./src/features/accounting/components/ReportCharts.tsx:3:1
Module not found: Can't resolve 'chart.js'
[0m [90m  1 |[39m [32m'use client'[39m[33m;[39m
 [90m  2 |[39m
[31m[1m>[22m[39m[90m  3 |[39m [36mimport[39m {
 [90m    |[39m [31m[1m^[22m[39m[31m[1m^[22m[39m[31m[1m^[22m[39m[31m[1m^[22m[39m[31m[1m^[22m[39m[31m[1m^[22m[39m[31m[1m^[22m[39m[31m[1m^[22m[39m
[31m[1m>[22m[39m[90m  4 |[39m   [33mChart[39m [36mas[39m [33mChartJS[39m[33m,[39m
 [90m    |[39m [31m[1m^[22m[39m[31m[1m^[22m[39m[31m[1m^[22m[39m[31m[1m^[22m[39m[31m[1m^[22m[39m[31m[1m^[22m[39m[31m[1m^[22m[39m[31m[1m^[22m[39m[31m[1m^[22m[39m[31m[1m^[22m[39m[31m[1m^[22m[39m[31m[1m^[22m[39m[31m[1m^[22m[39m[31m[1m^[22m[39m[31m[1m^[22m[39m[31m[1m^[22m[39m[31m[1m^[22m[39m[31m[1m^[22m[39m[31m[1m^[22m[39m
[31m[1m>[22m[39m[90m  5 |[39m   [33mCategoryScale[39m[33m,[39m
 [90m    |[39m [31m[1m^[22m[39m[31m[1m^[22m[39m[31m[1m^[22m[39m[31m[1m^[22m[39m[31m[1m^[22m[39m[31m[1m^[22m[39m[31m[1m^[22m[39m[31m[1m^[22m[39m[31m[1m^[22m[39m[31m[1m^[22m[39m[31m[1m^[22m[39m[31m[1m^[22m[39m[31m[1m^[22m[39m[31m[1m^[22m[39m[31m[1m^[22m[39m[31m[1m^[22m[39m[31m[1m^[22m[39m[31m[1m^[22m[39m[31m[1m^[22m[39m
[31m[1m>[22m[39m[90m  6 |[39m   [33mLinearScale[39m[33m,[39m
 [90m    |[39m [31m[1m^[22m[39m[31m[1m^[22m[39m[31m[1m^[22m[39m[31m[1m^[22m[39m[31m[1m^[22m[39m[31m[1m^[22m[39m[31m[1m^[22m[39m[31m[1m^[22m[39m[31m[1m^[22m[39m[31m[1m^[22m[39m[31m[1m^[22m[39m[31m[1m^[22m[39m[31m[1m^[22m[39m[31m[1m^[22m[39m[31m[1m^[22m[39m[31m[1m^[22m[39m[31m[1m^[22m[39m[31m[1m^[22m[39m[31m[1m^[22m[39m
[31m[1m>[22m[39m[90m  7 |[39m   [33mBarElement[39m[33m,[39m
 [90m    |[39m [31m[1m^[22m[39m[31m[1m^[22m[39m[31m[1m^[22m[39m[31m[1m^[22m[39m[31m[1m^[22m[39m[31m[1m^[22m[39m[31m[1m^[22m[39m[31m[1m^[22m[39m[31m[1m^[22m[39m[31m[1m^[22m[39m[31m[1m^[22m[39m[31m[1m^[22m[39m[31m[1m^[22m[39m[31m[1m^[22m[39m[31m[1m^[22m[39m[31m[1m^[22m[39m[31m[1m^[22m[39m[31m[1m^[22m[39m[31m[1m^[22m[39m
[31m[1m>[22m[39m[90m  8 |[39m   [33mLineElement[39m[33m,[39m
 [90m    |[39m [31m[1m^[22m[39m[31m[1m^[22m[39m[31m[1m^[22m[39m[31m[1m^[22m[39m[31m[1m^[22m[39m[31m[1m^[22m[39m[31m[1m^[22m[39m[31m[1m^[22m[39m[31m[1m^[22m[39m[31m[1m^[22m[39m[31m[1m^[22m[39m[31m[1m^[22m[39m[31m[1m^[22m[39m[31m[1m^[22m[39m[31m[1m^[22m[39m[31m[1m^[22m[39m[31m[1m^[22m[39m[31m[1m^[22m[39m[31m[1m^[22m[39m
[31m[1m>[22m[39m[90m  9 |[39m   [33mPointElement[39m[33m,[39m
 [90m    |[39m [31m[1m^[22m[39m[31m[1m^[22m[39m[31m[1m^[22m[39m[31m[1m^[22m[39m[31m[1m^[22m[39m[31m[1m^[22m[39m[31m[1m^[22m[39m[31m[1m^[22m[39m[31m[1m^[22m[39m[31m[1m^[22m[39m[31m[1m^[22m[39m[31m[1m^[22m[39m[31m[1m^[22m[39m[31m[1m^[22m[39m[31m[1m^[22m[39m[31m[1m^[22m[39m[31m[1m^[22m[39m[31m[1m^[22m[39m[31m[1m^[22m[39m
[31m[1m>[22m[39m[90m 10 |[39m   [33mArcElement[39m[33m,[39m
 [90m    |[39m [31m[1m^[22m[39m[31m[1m^[22m[39m[31m[1m^[22m[39m[31m[1m^[22m[39m[31m[1m^[22m[39m[31m[1m^[22m[39m[31m[1m^[22m[39m[31m[1m^[22m[39m[31m[1m^[22m[39m[31m[1m^[22m[39m[31m[1m^[22m[39m[31m[1m^[22m[39m[31m[1m^[22m[39m[31m[1m^[22m[39m[31m[1m^[22m[39m[31m[1m^[22m[39m[31m[1m^[22m[39m[31m[1m^[22m[39m[31m[1m^[22m[39m
[31m[1m>[22m[39m[90m 11 |[39m   [33mTitle[39m[33m,[39m
 [90m    |[39m [31m[1m^[22m[39m[31m[1m^[22m[39m[31m[1m^[22m[39m[31m[1m^[22m[39m[31m[1m^[22m[39m[31m[1m^[22m[39m[31m[1m^[22m[39m[31m[1m^[22m[39m[31m[1m^[22m[39m[31m[1m^[22m[39m[31m[1m^[22m[39m[31m[1m^[22m[39m[31m[1m^[22m[39m[31m[1m^[22m[39m[31m[1m^[22m[39m[31m[1m^[22m[39m[31m[1m^[22m[39m[31m[1m^[22m[39m[31m[1m^[22m[39m
[31m[1m>[22m[39m[90m 12 |[39m   [33mTooltip[39m[33m,[39m
 [90m    |[39m [31m[1m^[22m[39m[31m[1m^[22m[39m[31m[1m^[22m[39m[31m[1m^[22m[39m[31m[1m^[22m[39m[31m[1m^[22m[39m[31m[1m^[22m[39m[31m[1m^[22m[39m[31m[1m^[22m[39m[31m[1m^[22m[39m[31m[1m^[22m[39m[31m[1m^[22m[39m[31m[1m^[22m[39m[31m[1m^[22m[39m[31m[1m^[22m[39m[31m[1m^[22m[39m[31m[1m^[22m[39m[31m[1m^[22m[39m[31m[1m^[22m[39m
[31m[1m>[22m[39m[90m 13 |[39m   [33mLegend[39m[33m,[39m
 [90m    |[39m [31m[1m^[22m[39m[31m[1m^[22m[39m[31m[1m^[22m[39m[31m[1m^[22m[39m[31m[1m^[22m[39m[31m[1m^[22m[39m[31m[1m^[22m[39m[31m[1m^[22m[39m[31m[1m^[22m[39m[31m[1m^[22m[39m[31m[1m^[22m[39m[31m[1m^[22m[39m[31m[1m^[22m[39m[31m[1m^[22m[39m[31m[1m^[22m[39m[31m[1m^[22m[39m[31m[1m^[22m[39m[31m[1m^[22m[39m[31m[1m^[22m[39m
[31m[1m>[22m[39m[90m 14 |[39m } [36mfrom[39m [32m'chart.js'[39m[33m;[39m
 [90m    |[39m [31m[1m^[22m[39m[31m[1m^[22m[39m[31m[1m^[22m[39m[31m[1m^[22m[39m[31m[1m^[22m[39m[31m[1m^[22m[39m[31m[1m^[22m[39m[31m[1m^[22m[39m[31m[1m^[22m[39m[31m[1m^[22m[39m[31m[1m^[22m[39m[31m[1m^[22m[39m[31m[1m^[22m[39m[31m[1m^[22m[39m[31m[1m^[22m[39m[31m[1m^[22m[39m[31m[1m^[22m[39m[31m[1m^[22m[39m[31m[1m^[22m[39m
 [90m 15 |[39m [36mimport[39m { [33mBar[39m[33m,[39m [33mDoughnut[39m } [36mfrom[39m [32m'react-chartjs-2'[39m[33m;[39m
 [90m 16 |[39m [36mimport[39m { useState } [36mfrom[39m [32m'react'[39m[33m;[39m
 [90m 17 |[39m[0m



Import trace:
  Server Component:
    ./src/features/accounting/components/ReportCharts.tsx
    ./src/app/accounting/reports/page.tsx

https://nextjs.org/docs/messages/module-not-found


./src/features/accounting/components/ReportCharts.tsx:15:1
Module not found: Can't resolve 'react-chartjs-2'
[0m [90m 13 |[39m   [33mLegend[39m[33m,[39m
 [90m 14 |[39m } [36mfrom[39m [32m'chart.js'[39m[33m;[39m
[31m[1m>[22m[39m[90m 15 |[39m [36mimport[39m { [33mBar[39m[33m,[39m [33mDoughnut[39m } [36mfrom[39m [32m'react-chartjs-2'[39m[33m;[39m
 [90m    |[39m [31m[1m^[22m[39m[31m[1m^[22m[39m[31m[1m^[22m[39m[31m[1m^[22m[39m[31m[1m^[22m[39m[31m[1m^[22m[39m[31m[1m^[22m[39m[31m[1m^[22m[39m[31m[1m^[22m[39m[31m[1m^[22m[39m[31m[1m^[22m[39m[31m[1m^[22m[39m[31m[1m^[22m[39m[31m[1m^[22m[39m[31m[1m^[22m[39m[31m[1m^[22m[39m[31m[1m^[22m[39m[31m[1m^[22m[39m[31m[1m^[22m[39m[31m[1m^[22m[39m[31m[1m^[22m[39m[31m[1m^[22m[39m[31m[1m^[22m[39m[31m[1m^[22m[39m[31m[1m^[22m[39m[31m[1m^[22m[39m[31m[1m^[22m[39m[31m[1m^[22m[39m[31m[1m^[22m[39m[31m[1m^[22m[39m[31m[1m^[22m[39m[31m[1m^[22m[39m[31m[1m^[22m[39m[31m[1m^[22m[39m[31m[1m^[22m[39m[31m[1m^[22m[39m[31m[1m^[22m[39m[31m[1m^[22m[39m[31m[1m^[22m[39m[31m[1m^[22m[39m[31m[1m^[22m[39m[31m[1m^[22m[39m[31m[1m^[22m[39m[31m[1m^[22m[39m[31m[1m^[22m[39m[31m[1m^[22m[39m[31m[1m^[22m[39m[31m[1m^[22m[39m
 [90m 16 |[39m [36mimport[39m { useState } [36mfrom[39m [32m'react'[39m[33m;[39m
 [90m 17 |[39m
 [90m 18 |[39m [90m// Register Chart.js components[39m[0m



Import trace:
  Server Component:
    ./src/features/accounting/components/ReportCharts.tsx
    ./src/app/accounting/reports/page.tsx

https://nextjs.org/docs/messages/module-not-found


    at <unknown> (./src/app/accounting/actions.ts:9:1)
    at <unknown> (https://nextjs.org/docs/messages/module-not-found)
    at <unknown> (./src/app/accounting/add/page.tsx:1:1)
    at <unknown> (https://nextjs.org/docs/messages/module-not-found)
    at <unknown> (./src/app/accounting/assets/actions.ts:3:1)
    at <unknown> (https://nextjs.org/docs/messages/module-not-found)
    at <unknown> (./src/app/accounting/assets/fixed/actions.ts:3:1)
    at <unknown> (https://nextjs.org/docs/messages/module-not-found)
    at <unknown> (./src/app/accounting/assets/page.tsx:2:1)
    at <unknown> (https://nextjs.org/docs/messages/module-not-found)
    at <unknown> (./src/app/accounting/list/page.tsx:2:1)
    at <unknown> (https://nextjs.org/docs/messages/module-not-found)
    at <unknown> (./src/app/accounting/page.tsx:3:1)
    at <unknown> (https://nextjs.org/docs/messages/module-not-found)
    at <unknown> (./src/app/accounting/reports/export-actions.ts:3:1)
    at <unknown> (https://nextjs.org/docs/messages/module-not-found)
    at <unknown> (./src/app/accounting/reports/page.tsx:2:1)
    at <unknown> (https://nextjs.org/docs/messages/module-not-found)
    at <unknown> (./src/app/accounting/settings/accounts/page.tsx:1:1)
    at <unknown> (https://nextjs.org/docs/messages/module-not-found)
    at <unknown> (./src/app/accounting/settings/actions.ts:3:1)
    at <unknown> (https://nextjs.org/docs/messages/module-not-found)
    at <unknown> (./src/app/accounting/settings/family/page.tsx:3:1)
    at <unknown> (https://nextjs.org/docs/messages/module-not-found)
    at <unknown> (./src/app/accounting/settings/inventory/actions.ts:3:1)
    at <unknown> (https://nextjs.org/docs/messages/module-not-found)
    at <unknown> (./src/app/accounting/settings/page.tsx:3:1)
    at <unknown> (https://nextjs.org/docs/messages/module-not-found)
    at <unknown> (./src/app/accounting/transactions/[id]/page.tsx:1:1)
    at <unknown> (https://nextjs.org/docs/messages/module-not-found)
    at <unknown> (./src/features/accounting/lib/family.ts:3:1)
    at <unknown> (https://nextjs.org/docs/messages/module-not-found)
    at <unknown> (./src/features/accounting/components/ReportCharts.tsx:3:1)
    at <unknown> (https://nextjs.org/docs/messages/module-not-found)
    at <unknown> (./src/features/accounting/components/ReportCharts.tsx:15:1)
    at <unknown> (https://nextjs.org/docs/messages/module-not-found)
